# JRE version: OpenJDK Runtime Environment (8.0_242-b01) (build 1.8.0_242-release-1644-b01)
# Java VM: OpenJDK 64-Bit Server VM (25.242-b01 mixed mode windows-amd64 compressed oops)
Heap:
 PSYoungGen      total 213504K, used 205208K [0x00000000d5580000, 0x00000000e4980000, 0x0000000100000000)
  eden space 198656K, 96% used [0x00000000d5580000,0x00000000e0fc4430,0x00000000e1780000)
  from space 14848K, 97% used [0x00000000e3b00000,0x00000000e4921e28,0x00000000e4980000)
  to   space 19968K, 0% used [0x00000000e2280000,0x00000000e2280000,0x00000000e3600000)
 ParOldGen       total 76800K, used 32966K [0x0000000080000000, 0x0000000084b00000, 0x00000000d5580000)
  object space 76800K, 42% used [0x0000000080000000,0x0000000082031890,0x0000000084b00000)
 Metaspace       used 69303K, capacity 72904K, committed 73136K, reserved 1112064K
  class space    used 9628K, capacity 10370K, committed 10416K, reserved 1048576K
GC Heap History (10 events):
Event: 12.244 GC heap before
{Heap before GC invocations=13 (full 2):
 PSYoungGen      total 137216K, used 126464K [0x00000000d5580000, 0x00000000dff80000, 0x0000000100000000)
  eden space 126464K, 100% used [0x00000000d5580000,0x00000000dd100000,0x00000000dd100000)
  from space 10752K, 0% used [0x00000000ddb80000,0x00000000ddb80000,0x00000000de600000)
  to   space 10752K, 0% used [0x00000000dd100000,0x00000000dd100000,0x00000000ddb80000)
 ParOldGen       total 76800K, used 14954K [0x0000000080000000, 0x0000000084b00000, 0x00000000d5580000)
  object space 76800K, 19% used [0x0000000080000000,0x0000000080e9a968,0x0000000084b00000)
 Metaspace       used 45281K, capacity 46776K, committed 47024K, reserved 1089536K
  class space    used 6119K, capacity 6494K, committed 6576K, reserved 1048576K
Event: 12.277 GC heap after
Heap after GC invocations=13 (full 2):
 PSYoungGen      total 137216K, used 10722K [0x00000000d5580000, 0x00000000e1200000, 0x0000000100000000)
  eden space 126464K, 0% used [0x00000000d5580000,0x00000000d5580000,0x00000000dd100000)
  from space 10752K, 99% used [0x00000000dd100000,0x00000000ddb78b48,0x00000000ddb80000)
  to   space 13824K, 0% used [0x00000000e0480000,0x00000000e0480000,0x00000000e1200000)
 ParOldGen       total 76800K, used 19622K [0x0000000080000000, 0x0000000084b00000, 0x00000000d5580000)
  object space 76800K, 25% used [0x0000000080000000,0x0000000081329820,0x0000000084b00000)
 Metaspace       used 45281K, capacity 46776K, committed 47024K, reserved 1089536K
  class space    used 6119K, capacity 6494K, committed 6576K, reserved 1048576K
}
Event: 14.984 GC heap before
{Heap before GC invocations=14 (full 2):
 PSYoungGen      total 137216K, used 137186K [0x00000000d5580000, 0x00000000e1200000, 0x0000000100000000)
  eden space 126464K, 100% used [0x00000000d5580000,0x00000000dd100000,0x00000000dd100000)
  from space 10752K, 99% used [0x00000000dd100000,0x00000000ddb78b48,0x00000000ddb80000)
  to   space 13824K, 0% used [0x00000000e0480000,0x00000000e0480000,0x00000000e1200000)
 ParOldGen       total 76800K, used 19622K [0x0000000080000000, 0x0000000084b00000, 0x00000000d5580000)
  object space 76800K, 25% used [0x0000000080000000,0x0000000081329820,0x0000000084b00000)
 Metaspace       used 53913K, capacity 55926K, committed 56240K, reserved 1097728K
  class space    used 7336K, capacity 7797K, committed 7856K, reserved 1048576K
Event: 15.011 GC heap after
Heap after GC invocations=14 (full 2):
 PSYoungGen      total 174592K, used 13822K [0x00000000d5580000, 0x00000000e1980000, 0x0000000100000000)
  eden space 160768K, 0% used [0x00000000d5580000,0x00000000d5580000,0x00000000df280000)
  from space 13824K, 99% used [0x00000000e0480000,0x00000000e11ffb10,0x00000000e1200000)
  to   space 18432K, 0% used [0x00000000df280000,0x00000000df280000,0x00000000e0480000)
 ParOldGen       total 76800K, used 28462K [0x0000000080000000, 0x0000000084b00000, 0x00000000d5580000)
  object space 76800K, 37% used [0x0000000080000000,0x0000000081bcb928,0x0000000084b00000)
 Metaspace       used 53913K, capacity 55926K, committed 56240K, reserved 1097728K
  class space    used 7336K, capacity 7797K, committed 7856K, reserved 1048576K
}
Event: 16.009 GC heap before
{Heap before GC invocations=15 (full 2):
 PSYoungGen      total 174592K, used 60886K [0x00000000d5580000, 0x00000000e1980000, 0x0000000100000000)
  eden space 160768K, 29% used [0x00000000d5580000,0x00000000d8376010,0x00000000df280000)
  from space 13824K, 99% used [0x00000000e0480000,0x00000000e11ffb10,0x00000000e1200000)
  to   space 18432K, 0% used [0x00000000df280000,0x00000000df280000,0x00000000e0480000)
 ParOldGen       total 76800K, used 28462K [0x0000000080000000, 0x0000000084b00000, 0x00000000d5580000)
  object space 76800K, 37% used [0x0000000080000000,0x0000000081bcb928,0x0000000084b00000)
 Metaspace       used 57032K, capacity 59102K, committed 59160K, reserved 1099776K
  class space    used 7842K, capacity 8321K, committed 8368K, reserved 1048576K
Event: 16.045 GC heap after
Heap after GC invocations=15 (full 2):
 PSYoungGen      total 179200K, used 4333K [0x00000000d5580000, 0x00000000e4d00000, 0x0000000100000000)
  eden space 160768K, 0% used [0x00000000d5580000,0x00000000d5580000,0x00000000df280000)
  from space 18432K, 23% used [0x00000000df280000,0x00000000df6bb7e0,0x00000000e0480000)
  to   space 18432K, 0% used [0x00000000e3b00000,0x00000000e3b00000,0x00000000e4d00000)
 ParOldGen       total 76800K, used 36725K [0x0000000080000000, 0x0000000084b00000, 0x00000000d5580000)
  object space 76800K, 47% used [0x0000000080000000,0x00000000823dd7b0,0x0000000084b00000)
 Metaspace       used 57032K, capacity 59102K, committed 59160K, reserved 1099776K
  class space    used 7842K, capacity 8321K, committed 8368K, reserved 1048576K
}
Event: 16.045 GC heap before
{Heap before GC invocations=16 (full 3):
 PSYoungGen      total 179200K, used 4333K [0x00000000d5580000, 0x00000000e4d00000, 0x0000000100000000)
  eden space 160768K, 0% used [0x00000000d5580000,0x00000000d5580000,0x00000000df280000)
  from space 18432K, 23% used [0x00000000df280000,0x00000000df6bb7e0,0x00000000e0480000)
  to   space 18432K, 0% used [0x00000000e3b00000,0x00000000e3b00000,0x00000000e4d00000)
 ParOldGen       total 76800K, used 36725K [0x0000000080000000, 0x0000000084b00000, 0x00000000d5580000)
  object space 76800K, 47% used [0x0000000080000000,0x00000000823dd7b0,0x0000000084b00000)
 Metaspace       used 57032K, capacity 59102K, committed 59160K, reserved 1099776K
  class space    used 7842K, capacity 8321K, committed 8368K, reserved 1048576K
Event: 16.388 GC heap after
Heap after GC invocations=16 (full 3):
 PSYoungGen      total 179200K, used 0K [0x00000000d5580000, 0x00000000e4d00000, 0x0000000100000000)
  eden space 160768K, 0% used [0x00000000d5580000,0x00000000d5580000,0x00000000df280000)
  from space 18432K, 0% used [0x00000000df280000,0x00000000df280000,0x00000000e0480000)
  to   space 18432K, 0% used [0x00000000e3b00000,0x00000000e3b00000,0x00000000e4d00000)
 ParOldGen       total 76800K, used 32958K [0x0000000080000000, 0x0000000084b00000, 0x00000000d5580000)
  object space 76800K, 42% used [0x0000000080000000,0x000000008202f890,0x0000000084b00000)
 Metaspace       used 57008K, capacity 59024K, committed 59160K, reserved 1099776K
  class space    used 7835K, capacity 8308K, committed 8368K, reserved 1048576K
}
Event: 20.144 GC heap before
{Heap before GC invocations=17 (full 3):
 PSYoungGen      total 179200K, used 160768K [0x00000000d5580000, 0x00000000e4d00000, 0x0000000100000000)
  eden space 160768K, 100% used [0x00000000d5580000,0x00000000df280000,0x00000000df280000)
  from space 18432K, 0% used [0x00000000df280000,0x00000000df280000,0x00000000e0480000)
  to   space 18432K, 0% used [0x00000000e3b00000,0x00000000e3b00000,0x00000000e4d00000)
 ParOldGen       total 76800K, used 32958K [0x0000000080000000, 0x0000000084b00000, 0x00000000d5580000)
  object space 76800K, 42% used [0x0000000080000000,0x000000008202f890,0x0000000084b00000)
 Metaspace       used 61800K, capacity 64654K, committed 64944K, reserved 1105920K
  class space    used 8522K, capacity 9073K, committed 9136K, reserved 1048576K
Event: 20.176 GC heap after
Heap after GC invocations=17 (full 3):
 PSYoungGen      total 213504K, used 14471K [0x00000000d5580000, 0x00000000e4980000, 0x0000000100000000)
  eden space 198656K, 0% used [0x00000000d5580000,0x00000000d5580000,0x00000000e1780000)
  from space 14848K, 97% used [0x00000000e3b00000,0x00000000e4921e28,0x00000000e4980000)
  to   space 19968K, 0% used [0x00000000e2280000,0x00000000e2280000,0x00000000e3600000)
 ParOldGen       total 76800K, used 32966K [0x0000000080000000, 0x0000000084b00000, 0x00000000d5580000)
  object space 76800K, 42% used [0x0000000080000000,0x0000000082031890,0x0000000084b00000)
 Metaspace       used 61800K, capacity 64654K, committed 64944K, reserved 1105920K
  class space    used 8522K, capacity 9073K, committed 9136K, reserved 1048576K
}

