# JRE version: OpenJDK Runtime Environment (8.0_242-b01) (build 1.8.0_242-release-1644-b01)
# Java VM: OpenJDK 64-Bit Server VM (25.242-b01 mixed mode windows-amd64 compressed oops)
Heap:
 PSYoungGen      total 564224K, used 528565K [0x00000000d5580000, 0x00000000ffa80000, 0x0000000100000000)
  eden space 550912K, 93% used [0x00000000d5580000,0x00000000f4cb19d8,0x00000000f6f80000)
  from space 13312K, 99% used [0x00000000f6f80000,0x00000000f7c7ba30,0x00000000f7c80000)
  to   space 71168K, 0% used [0x00000000fb500000,0x00000000fb500000,0x00000000ffa80000)
 ParOldGen       total 250880K, used 147530K [0x0000000080000000, 0x000000008f500000, 0x00000000d5580000)
  object space 250880K, 58% used [0x0000000080000000,0x0000000089012b10,0x000000008f500000)
 Metaspace       used 144389K, capacity 152092K, committed 152232K, reserved 1181696K
  class space    used 18656K, capacity 20083K, committed 20144K, reserved 1048576K
GC Heap History (10 events):
Event: 6620.852 GC heap before
{Heap before GC invocations=46 (full 5):
 PSYoungGen      total 602624K, used 602608K [0x00000000d5580000, 0x0000000100000000, 0x0000000100000000)
  eden space 562688K, 100% used [0x00000000d5580000,0x00000000f7b00000,0x00000000f7b00000)
  from space 39936K, 99% used [0x00000000fd900000,0x00000000ffffc350,0x0000000100000000)
  to   space 68096K, 0% used [0x00000000f7b00000,0x00000000f7b00000,0x00000000fbd80000)
 ParOldGen       total 250880K, used 112966K [0x0000000080000000, 0x000000008f500000, 0x00000000d5580000)
  object space 250880K, 45% used [0x0000000080000000,0x0000000086e518c8,0x000000008f500000)
 Metaspace       used 143298K, capacity 150946K, committed 151208K, reserved 1179648K
  class space    used 18645K, capacity 20076K, committed 20144K, reserved 1048576K
Event: 6620.899 GC heap after
Heap after GC invocations=46 (full 5):
 PSYoungGen      total 605696K, used 42783K [0x00000000d5580000, 0x0000000100000000, 0x0000000100000000)
  eden space 562688K, 0% used [0x00000000d5580000,0x00000000d5580000,0x00000000f7b00000)
  from space 43008K, 99% used [0x00000000f7b00000,0x00000000fa4c7c50,0x00000000fa500000)
  to   space 70656K, 0% used [0x00000000fbb00000,0x00000000fbb00000,0x0000000100000000)
 ParOldGen       total 250880K, used 112974K [0x0000000080000000, 0x000000008f500000, 0x00000000d5580000)
  object space 250880K, 45% used [0x0000000080000000,0x0000000086e538c8,0x000000008f500000)
 Metaspace       used 143298K, capacity 150946K, committed 151208K, reserved 1179648K
  class space    used 18645K, capacity 20076K, committed 20144K, reserved 1048576K
}
Event: 6621.829 GC heap before
{Heap before GC invocations=47 (full 5):
 PSYoungGen      total 605696K, used 605471K [0x00000000d5580000, 0x0000000100000000, 0x0000000100000000)
  eden space 562688K, 100% used [0x00000000d5580000,0x00000000f7b00000,0x00000000f7b00000)
  from space 43008K, 99% used [0x00000000f7b00000,0x00000000fa4c7c50,0x00000000fa500000)
  to   space 70656K, 0% used [0x00000000fbb00000,0x00000000fbb00000,0x0000000100000000)
 ParOldGen       total 250880K, used 112974K [0x0000000080000000, 0x000000008f500000, 0x00000000d5580000)
  object space 250880K, 45% used [0x0000000080000000,0x0000000086e538c8,0x000000008f500000)
 Metaspace       used 143834K, capacity 151556K, committed 151720K, reserved 1181696K
  class space    used 18653K, capacity 20079K, committed 20144K, reserved 1048576K
Event: 6621.915 GC heap after
Heap after GC invocations=47 (full 5):
 PSYoungGen      total 622080K, used 46478K [0x00000000d5580000, 0x0000000100000000, 0x0000000100000000)
  eden space 551424K, 0% used [0x00000000d5580000,0x00000000d5580000,0x00000000f7000000)
  from space 70656K, 65% used [0x00000000fbb00000,0x00000000fe863b30,0x0000000100000000)
  to   space 73728K, 0% used [0x00000000f7000000,0x00000000f7000000,0x00000000fb800000)
 ParOldGen       total 250880K, used 112982K [0x0000000080000000, 0x000000008f500000, 0x00000000d5580000)
  object space 250880K, 45% used [0x0000000080000000,0x0000000086e558c8,0x000000008f500000)
 Metaspace       used 143834K, capacity 151556K, committed 151720K, reserved 1181696K
  class space    used 18653K, capacity 20079K, committed 20144K, reserved 1048576K
}
Event: 6622.770 GC heap before
{Heap before GC invocations=48 (full 5):
 PSYoungGen      total 622080K, used 597902K [0x00000000d5580000, 0x0000000100000000, 0x0000000100000000)
  eden space 551424K, 100% used [0x00000000d5580000,0x00000000f7000000,0x00000000f7000000)
  from space 70656K, 65% used [0x00000000fbb00000,0x00000000fe863b30,0x0000000100000000)
  to   space 73728K, 0% used [0x00000000f7000000,0x00000000f7000000,0x00000000fb800000)
 ParOldGen       total 250880K, used 112982K [0x0000000080000000, 0x000000008f500000, 0x00000000d5580000)
  object space 250880K, 45% used [0x0000000080000000,0x0000000086e558c8,0x000000008f500000)
 Metaspace       used 144083K, capacity 151780K, committed 151976K, reserved 1181696K
  class space    used 18653K, capacity 20079K, committed 20144K, reserved 1048576K
Event: 6622.826 GC heap after
Heap after GC invocations=48 (full 5):
 PSYoungGen      total 596480K, used 44551K [0x00000000d5580000, 0x0000000100000000, 0x0000000100000000)
  eden space 551424K, 0% used [0x00000000d5580000,0x00000000d5580000,0x00000000f7000000)
  from space 45056K, 98% used [0x00000000f7000000,0x00000000f9b81f20,0x00000000f9c00000)
  to   space 74752K, 0% used [0x00000000fb700000,0x00000000fb700000,0x0000000100000000)
 ParOldGen       total 250880K, used 112990K [0x0000000080000000, 0x000000008f500000, 0x00000000d5580000)
  object space 250880K, 45% used [0x0000000080000000,0x0000000086e578c8,0x000000008f500000)
 Metaspace       used 144083K, capacity 151780K, committed 151976K, reserved 1181696K
  class space    used 18653K, capacity 20079K, committed 20144K, reserved 1048576K
}
Event: 6623.616 GC heap before
{Heap before GC invocations=49 (full 5):
 PSYoungGen      total 596480K, used 595975K [0x00000000d5580000, 0x0000000100000000, 0x0000000100000000)
  eden space 551424K, 100% used [0x00000000d5580000,0x00000000f7000000,0x00000000f7000000)
  from space 45056K, 98% used [0x00000000f7000000,0x00000000f9b81f20,0x00000000f9c00000)
  to   space 74752K, 0% used [0x00000000fb700000,0x00000000fb700000,0x0000000100000000)
 ParOldGen       total 250880K, used 112990K [0x0000000080000000, 0x000000008f500000, 0x00000000d5580000)
  object space 250880K, 45% used [0x0000000080000000,0x0000000086e578c8,0x000000008f500000)
 Metaspace       used 144205K, capacity 151912K, committed 152232K, reserved 1181696K
  class space    used 18653K, capacity 20079K, committed 20144K, reserved 1048576K
Event: 6623.706 GC heap after
Heap after GC invocations=49 (full 5):
 PSYoungGen      total 625664K, used 14412K [0x00000000d5580000, 0x0000000100000000, 0x0000000100000000)
  eden space 550912K, 0% used [0x00000000d5580000,0x00000000d5580000,0x00000000f6f80000)
  from space 74752K, 19% used [0x00000000fb700000,0x00000000fc5132c0,0x0000000100000000)
  to   space 73216K, 0% used [0x00000000f6f80000,0x00000000f6f80000,0x00000000fb700000)
 ParOldGen       total 250880K, used 143586K [0x0000000080000000, 0x000000008f500000, 0x00000000d5580000)
  object space 250880K, 57% used [0x0000000080000000,0x0000000088c38ac0,0x000000008f500000)
 Metaspace       used 144205K, capacity 151912K, committed 152232K, reserved 1181696K
  class space    used 18653K, capacity 20079K, committed 20144K, reserved 1048576K
}
Event: 6624.671 GC heap before
{Heap before GC invocations=50 (full 5):
 PSYoungGen      total 625664K, used 565324K [0x00000000d5580000, 0x0000000100000000, 0x0000000100000000)
  eden space 550912K, 100% used [0x00000000d5580000,0x00000000f6f80000,0x00000000f6f80000)
  from space 74752K, 19% used [0x00000000fb700000,0x00000000fc5132c0,0x0000000100000000)
  to   space 73216K, 0% used [0x00000000f6f80000,0x00000000f6f80000,0x00000000fb700000)
 ParOldGen       total 250880K, used 143586K [0x0000000080000000, 0x000000008f500000, 0x00000000d5580000)
  object space 250880K, 57% used [0x0000000080000000,0x0000000088c38ac0,0x000000008f500000)
 Metaspace       used 144328K, capacity 152012K, committed 152232K, reserved 1181696K
  class space    used 18654K, capacity 20081K, committed 20144K, reserved 1048576K
Event: 6624.705 GC heap after
Heap after GC invocations=50 (full 5):
 PSYoungGen      total 564224K, used 13294K [0x00000000d5580000, 0x00000000ffa80000, 0x0000000100000000)
  eden space 550912K, 0% used [0x00000000d5580000,0x00000000d5580000,0x00000000f6f80000)
  from space 13312K, 99% used [0x00000000f6f80000,0x00000000f7c7ba30,0x00000000f7c80000)
  to   space 71168K, 0% used [0x00000000fb500000,0x00000000fb500000,0x00000000ffa80000)
 ParOldGen       total 250880K, used 147530K [0x0000000080000000, 0x000000008f500000, 0x00000000d5580000)
  object space 250880K, 58% used [0x0000000080000000,0x0000000089012b10,0x000000008f500000)
 Metaspace       used 144328K, capacity 152012K, committed 152232K, reserved 1181696K
  class space    used 18654K, capacity 20081K, committed 20144K, reserved 1048576K
}

