# JRE version: OpenJDK Runtime Environment (8.0_242-b01) (build 1.8.0_242-release-1644-b01)
# Java VM: OpenJDK 64-Bit Server VM (25.242-b01 mixed mode windows-amd64 compressed oops)
Heap:
 PSYoungGen      total 603648K, used 213542K [0x00000000d5580000, 0x0000000100000000, 0x0000000100000000)
  eden space 557568K, 30% used [0x00000000d5580000,0x00000000df949000,0x00000000f7600000)
  from space 46080K, 99% used [0x00000000f7600000,0x00000000fa2c0830,0x00000000fa300000)
  to   space 72704K, 0% used [0x00000000fb900000,0x00000000fb900000,0x0000000100000000)
 ParOldGen       total 266752K, used 104882K [0x0000000080000000, 0x0000000090480000, 0x00000000d5580000)
  object space 266752K, 39% used [0x0000000080000000,0x000000008666c9a0,0x0000000090480000)
 Metaspace       used 154642K, capacity 165342K, committed 166696K, reserved 1193984K
  class space    used 19427K, capacity 21213K, committed 21552K, reserved 1048576K
GC Heap History (10 events):
Event: 35877.068 GC heap before
{Heap before GC invocations=76 (full 5):
 PSYoungGen      total 632320K, used 632317K [0x00000000d5580000, 0x0000000100000000, 0x0000000100000000)
  eden space 595968K, 100% used [0x00000000d5580000,0x00000000f9b80000,0x00000000f9b80000)
  from space 36352K, 99% used [0x00000000fc800000,0x00000000feb7f488,0x00000000feb80000)
  to   space 45568K, 0% used [0x00000000f9b80000,0x00000000f9b80000,0x00000000fc800000)
 ParOldGen       total 266752K, used 103675K [0x0000000080000000, 0x0000000090480000, 0x00000000d5580000)
  object space 266752K, 38% used [0x0000000080000000,0x000000008653ed50,0x0000000090480000)
 Metaspace       used 154565K, capacity 165274K, committed 166696K, reserved 1193984K
  class space    used 19427K, capacity 21213K, committed 21552K, reserved 1048576K
Event: 35877.127 GC heap after
Heap after GC invocations=76 (full 5):
 PSYoungGen      total 641536K, used 44085K [0x00000000d5580000, 0x0000000100000000, 0x0000000100000000)
  eden space 595968K, 0% used [0x00000000d5580000,0x00000000d5580000,0x00000000f9b80000)
  from space 45568K, 96% used [0x00000000f9b80000,0x00000000fc68d748,0x00000000fc800000)
  to   space 52224K, 0% used [0x00000000fcd00000,0x00000000fcd00000,0x0000000100000000)
 ParOldGen       total 266752K, used 103955K [0x0000000080000000, 0x0000000090480000, 0x00000000d5580000)
  object space 266752K, 38% used [0x0000000080000000,0x0000000086584d50,0x0000000090480000)
 Metaspace       used 154565K, capacity 165274K, committed 166696K, reserved 1193984K
  class space    used 19427K, capacity 21213K, committed 21552K, reserved 1048576K
}
Event: 35877.670 GC heap before
{Heap before GC invocations=77 (full 5):
 PSYoungGen      total 641536K, used 640053K [0x00000000d5580000, 0x0000000100000000, 0x0000000100000000)
  eden space 595968K, 100% used [0x00000000d5580000,0x00000000f9b80000,0x00000000f9b80000)
  from space 45568K, 96% used [0x00000000f9b80000,0x00000000fc68d748,0x00000000fc800000)
  to   space 52224K, 0% used [0x00000000fcd00000,0x00000000fcd00000,0x0000000100000000)
 ParOldGen       total 266752K, used 103955K [0x0000000080000000, 0x0000000090480000, 0x00000000d5580000)
  object space 266752K, 38% used [0x0000000080000000,0x0000000086584d50,0x0000000090480000)
 Metaspace       used 154571K, capacity 165278K, committed 166696K, reserved 1193984K
  class space    used 19427K, capacity 21213K, committed 21552K, reserved 1048576K
Event: 35877.706 GC heap after
Heap after GC invocations=77 (full 5):
 PSYoungGen      total 636416K, used 43643K [0x00000000d5580000, 0x0000000100000000, 0x0000000100000000)
  eden space 584192K, 0% used [0x00000000d5580000,0x00000000d5580000,0x00000000f9000000)
  from space 52224K, 83% used [0x00000000fcd00000,0x00000000ff79ef60,0x0000000100000000)
  to   space 57344K, 0% used [0x00000000f9000000,0x00000000f9000000,0x00000000fc800000)
 ParOldGen       total 266752K, used 104131K [0x0000000080000000, 0x0000000090480000, 0x00000000d5580000)
  object space 266752K, 39% used [0x0000000080000000,0x00000000865b0d50,0x0000000090480000)
 Metaspace       used 154571K, capacity 165278K, committed 166696K, reserved 1193984K
  class space    used 19427K, capacity 21213K, committed 21552K, reserved 1048576K
}
Event: 35878.243 GC heap before
{Heap before GC invocations=78 (full 5):
 PSYoungGen      total 636416K, used 627835K [0x00000000d5580000, 0x0000000100000000, 0x0000000100000000)
  eden space 584192K, 100% used [0x00000000d5580000,0x00000000f9000000,0x00000000f9000000)
  from space 52224K, 83% used [0x00000000fcd00000,0x00000000ff79ef60,0x0000000100000000)
  to   space 57344K, 0% used [0x00000000f9000000,0x00000000f9000000,0x00000000fc800000)
 ParOldGen       total 266752K, used 104131K [0x0000000080000000, 0x0000000090480000, 0x00000000d5580000)
  object space 266752K, 39% used [0x0000000080000000,0x00000000865b0d50,0x0000000090480000)
 Metaspace       used 154582K, capacity 165278K, committed 166696K, reserved 1193984K
  class space    used 19427K, capacity 21213K, committed 21552K, reserved 1048576K
Event: 35878.289 GC heap after
Heap after GC invocations=78 (full 5):
 PSYoungGen      total 635904K, used 51664K [0x00000000d5580000, 0x0000000100000000, 0x0000000100000000)
  eden space 584192K, 0% used [0x00000000d5580000,0x00000000d5580000,0x00000000f9000000)
  from space 51712K, 99% used [0x00000000f9000000,0x00000000fc2741a8,0x00000000fc280000)
  to   space 62976K, 0% used [0x00000000fc280000,0x00000000fc280000,0x0000000100000000)
 ParOldGen       total 266752K, used 104291K [0x0000000080000000, 0x0000000090480000, 0x00000000d5580000)
  object space 266752K, 39% used [0x0000000080000000,0x00000000865d8d50,0x0000000090480000)
 Metaspace       used 154582K, capacity 165278K, committed 166696K, reserved 1193984K
  class space    used 19427K, capacity 21213K, committed 21552K, reserved 1048576K
}
Event: 35878.874 GC heap before
{Heap before GC invocations=79 (full 5):
 PSYoungGen      total 635904K, used 635856K [0x00000000d5580000, 0x0000000100000000, 0x0000000100000000)
  eden space 584192K, 100% used [0x00000000d5580000,0x00000000f9000000,0x00000000f9000000)
  from space 51712K, 99% used [0x00000000f9000000,0x00000000fc2741a8,0x00000000fc280000)
  to   space 62976K, 0% used [0x00000000fc280000,0x00000000fc280000,0x0000000100000000)
 ParOldGen       total 266752K, used 104291K [0x0000000080000000, 0x0000000090480000, 0x00000000d5580000)
  object space 266752K, 39% used [0x0000000080000000,0x00000000865d8d50,0x0000000090480000)
 Metaspace       used 154619K, capacity 165278K, committed 166696K, reserved 1193984K
  class space    used 19427K, capacity 21213K, committed 21552K, reserved 1048576K
Event: 35878.929 GC heap after
Heap after GC invocations=79 (full 5):
 PSYoungGen      total 620544K, used 54323K [0x00000000d5580000, 0x0000000100000000, 0x0000000100000000)
  eden space 557568K, 0% used [0x00000000d5580000,0x00000000d5580000,0x00000000f7600000)
  from space 62976K, 86% used [0x00000000fc280000,0x00000000ff78cf10,0x0000000100000000)
  to   space 70656K, 0% used [0x00000000f7600000,0x00000000f7600000,0x00000000fbb00000)
 ParOldGen       total 266752K, used 104443K [0x0000000080000000, 0x0000000090480000, 0x00000000d5580000)
  object space 266752K, 39% used [0x0000000080000000,0x00000000865fed50,0x0000000090480000)
 Metaspace       used 154619K, capacity 165278K, committed 166696K, reserved 1193984K
  class space    used 19427K, capacity 21213K, committed 21552K, reserved 1048576K
}
Event: 35879.852 GC heap before
{Heap before GC invocations=80 (full 5):
 PSYoungGen      total 620544K, used 611891K [0x00000000d5580000, 0x0000000100000000, 0x0000000100000000)
  eden space 557568K, 100% used [0x00000000d5580000,0x00000000f7600000,0x00000000f7600000)
  from space 62976K, 86% used [0x00000000fc280000,0x00000000ff78cf10,0x0000000100000000)
  to   space 70656K, 0% used [0x00000000f7600000,0x00000000f7600000,0x00000000fbb00000)
 ParOldGen       total 266752K, used 104443K [0x0000000080000000, 0x0000000090480000, 0x00000000d5580000)
  object space 266752K, 39% used [0x0000000080000000,0x00000000865fed50,0x0000000090480000)
 Metaspace       used 154642K, capacity 165342K, committed 166696K, reserved 1193984K
  class space    used 19427K, capacity 21213K, committed 21552K, reserved 1048576K
Event: 35879.907 GC heap after
Heap after GC invocations=80 (full 5):
 PSYoungGen      total 603648K, used 45826K [0x00000000d5580000, 0x0000000100000000, 0x0000000100000000)
  eden space 557568K, 0% used [0x00000000d5580000,0x00000000d5580000,0x00000000f7600000)
  from space 46080K, 99% used [0x00000000f7600000,0x00000000fa2c0830,0x00000000fa300000)
  to   space 72704K, 0% used [0x00000000fb900000,0x00000000fb900000,0x0000000100000000)
 ParOldGen       total 266752K, used 104882K [0x0000000080000000, 0x0000000090480000, 0x00000000d5580000)
  object space 266752K, 39% used [0x0000000080000000,0x000000008666c9a0,0x0000000090480000)
 Metaspace       used 154642K, capacity 165342K, committed 166696K, reserved 1193984K
  class space    used 19427K, capacity 21213K, committed 21552K, reserved 1048576K
}

